info it worked if it ends with ok
verbose cli [ 'node', '/usr/local/bin/npm', 'publish' ]
info using npm@1.0.6
info using node@v0.4.8
verbose config file /Users/philliprosen/.npmrc
verbose config file /usr/local/etc/npmrc
verbose publish [ '.' ]
silly testEngine { author: 
silly testEngine    { name: 'Phillip Rosen',
silly testEngine      email: 'phill.rosen@gmail.com' },
silly testEngine   name: 'elasticsearchclient',
silly testEngine   description: 'A client for Elastic Search',
silly testEngine   version: '0.0.4',
silly testEngine   repository: 
silly testEngine    { type: 'git',
silly testEngine      url: 'git://github.com/phillro/node-elasticsearch-client.git' },
silly testEngine   main: './index.js',
silly testEngine   engines: { node: '>= 0.3.0' },
silly testEngine   dependencies: {},
silly testEngine   devDependencies: {},
silly testEngine   _id: 'elasticsearchclient@0.0.4',
silly testEngine   _engineSupported: true,
silly testEngine   _npmVersion: '1.0.6',
silly testEngine   _nodeVersion: 'v0.4.8',
silly testEngine   _defaultsLoaded: true }
verbose caching package.json
verbose loadDefaults elasticsearchclient@0.0.4
verbose pack /Volumes/Extended HD/Users/philliprosen/Documents/dev/node-elasticsearch-client /var/folders/f1/f1MKPUDiHRq8FOUO9Y6QYE+++TI/-Tmp-/npm-1307771315969/1307771315969-0.6562967167701572/tmp.tgz
silly testEngine { author: 
silly testEngine    { name: 'Phillip Rosen',
silly testEngine      email: 'phill.rosen@gmail.com' },
silly testEngine   name: 'elasticsearchclient',
silly testEngine   description: 'A client for Elastic Search',
silly testEngine   version: '0.0.4',
silly testEngine   repository: 
silly testEngine    { type: 'git',
silly testEngine      url: 'git://github.com/phillro/node-elasticsearch-client.git' },
silly testEngine   main: './index.js',
silly testEngine   engines: { node: '>= 0.3.0' },
silly testEngine   dependencies: {},
silly testEngine   devDependencies: {},
silly testEngine   _id: 'elasticsearchclient@0.0.4',
silly testEngine   _engineSupported: true,
silly testEngine   _npmVersion: '1.0.6',
silly testEngine   _nodeVersion: 'v0.4.8',
silly testEngine   _defaultsLoaded: true,
silly testEngine   path: '/Volumes/Extended HD/Users/philliprosen/Documents/dev/node-elasticsearch-client' }
verbose caching /Volumes/Extended HD/Users/philliprosen/Documents/dev/node-elasticsearch-client/package.json
verbose loadDefaults elasticsearchclient@0.0.4
verbose mkdir done: /var/folders/f1/f1MKPUDiHRq8FOUO9Y6QYE+++TI/-Tmp-/npm-1307771315969/1307771315969-0.6562967167701572 755
verbose mkdir'ed /var/folders/f1/f1MKPUDiHRq8FOUO9Y6QYE+++TI/-Tmp-/npm-1307771315969/1307771315969-0.6562967167701572
verbose tar about to write tar and gzip it.
silly tar args [ '-cvf',
silly tar args   '-',
silly tar args   'node-elasticsearch-client/index.js',
silly tar args   'node-elasticsearch-client/package.json',
silly tar args   'node-elasticsearch-client/README',
silly tar args   'node-elasticsearch-client/.idea/.name',
silly tar args   'node-elasticsearch-client/.idea/encodings.xml',
silly tar args   'node-elasticsearch-client/.idea/misc.xml',
silly tar args   'node-elasticsearch-client/.idea/modules.xml',
silly tar args   'node-elasticsearch-client/.idea/node-elasticsearch-client.iml',
silly tar args   'node-elasticsearch-client/.idea/vcs.xml',
silly tar args   'node-elasticsearch-client/.idea/workspace.xml',
silly tar args   'node-elasticsearch-client/test/elasticSearchClient/cluster.test.js',
silly tar args   'node-elasticsearch-client/test/elasticSearchClient/core.test.js',
silly tar args   'node-elasticsearch-client/test/elasticSearchClient/indices.test.js',
silly tar args   'node-elasticsearch-client/lib/elasticsearchclient/elasticSearchClient.js',
silly tar args   'node-elasticsearch-client/lib/elasticsearchclient/calls/cluster.js',
silly tar args   'node-elasticsearch-client/lib/elasticsearchclient/calls/core.js',
silly tar args   'node-elasticsearch-client/lib/elasticsearchclient/calls/elasticSearchCall.js',
silly tar args   'node-elasticsearch-client/lib/elasticsearchclient/calls/indices.js' ]
verbose success tar -cvf - <file list elided>
verbose success gzip "--stdout"
verbose mkdir done: /var/folders/f1/f1MKPUDiHRq8FOUO9Y6QYE+++TI/-Tmp-/npm-1307771315969/1307771315969-0.6562967167701572/contents/___package.npm 755
verbose unpack_ uid, gid [ undefined, undefined ]
verbose unpackTarget /var/folders/f1/f1MKPUDiHRq8FOUO9Y6QYE+++TI/-Tmp-/npm-1307771315969/1307771315969-0.6562967167701572/contents/package
silly gunzTarPerm modes [ '755', '644' ]
verbose success gzip "--decompress" "--stdout" "/var/folders/f1/f1MKPUDiHRq8FOUO9Y6QYE+++TI/-Tmp-/npm-1307771315969/1307771315969-0.6562967167701572/tmp.tgz"
verbose success tar "-mvxpf" "-" "--no-same-owner" "-C" "/var/folders/f1/f1MKPUDiHRq8FOUO9Y6QYE+++TI/-Tmp-/npm-1307771315969/1307771315969-0.6562967167701572/contents/___package.npm"
silly asyncMap in gTP /var/folders/f1/f1MKPUDiHRq8FOUO9Y6QYE+++TI/-Tmp-/npm-1307771315969/1307771315969-0.6562967167701572/contents/___package.npm/node-elasticsearch-client/
silly asyncMap in gTP /var/folders/f1/f1MKPUDiHRq8FOUO9Y6QYE+++TI/-Tmp-/npm-1307771315969/1307771315969-0.6562967167701572/contents/___package.npm/node-elasticsearch-client/index.js
silly asyncMap in gTP /var/folders/f1/f1MKPUDiHRq8FOUO9Y6QYE+++TI/-Tmp-/npm-1307771315969/1307771315969-0.6562967167701572/contents/___package.npm/node-elasticsearch-client/package.json
silly asyncMap in gTP /var/folders/f1/f1MKPUDiHRq8FOUO9Y6QYE+++TI/-Tmp-/npm-1307771315969/1307771315969-0.6562967167701572/contents/___package.npm/node-elasticsearch-client/README
silly asyncMap in gTP /var/folders/f1/f1MKPUDiHRq8FOUO9Y6QYE+++TI/-Tmp-/npm-1307771315969/1307771315969-0.6562967167701572/contents/___package.npm/node-elasticsearch-client/.idea/
silly asyncMap in gTP /var/folders/f1/f1MKPUDiHRq8FOUO9Y6QYE+++TI/-Tmp-/npm-1307771315969/1307771315969-0.6562967167701572/contents/___package.npm/node-elasticsearch-client/.idea/.name
silly asyncMap in gTP /var/folders/f1/f1MKPUDiHRq8FOUO9Y6QYE+++TI/-Tmp-/npm-1307771315969/1307771315969-0.6562967167701572/contents/___package.npm/node-elasticsearch-client/.idea/encodings.xml
silly asyncMap in gTP /var/folders/f1/f1MKPUDiHRq8FOUO9Y6QYE+++TI/-Tmp-/npm-1307771315969/1307771315969-0.6562967167701572/contents/___package.npm/node-elasticsearch-client/.idea/misc.xml
silly asyncMap in gTP /var/folders/f1/f1MKPUDiHRq8FOUO9Y6QYE+++TI/-Tmp-/npm-1307771315969/1307771315969-0.6562967167701572/contents/___package.npm/node-elasticsearch-client/.idea/modules.xml
silly asyncMap in gTP /var/folders/f1/f1MKPUDiHRq8FOUO9Y6QYE+++TI/-Tmp-/npm-1307771315969/1307771315969-0.6562967167701572/contents/___package.npm/node-elasticsearch-client/.idea/node-elasticsearch-client.iml
silly asyncMap in gTP /var/folders/f1/f1MKPUDiHRq8FOUO9Y6QYE+++TI/-Tmp-/npm-1307771315969/1307771315969-0.6562967167701572/contents/___package.npm/node-elasticsearch-client/.idea/vcs.xml
silly asyncMap in gTP /var/folders/f1/f1MKPUDiHRq8FOUO9Y6QYE+++TI/-Tmp-/npm-1307771315969/1307771315969-0.6562967167701572/contents/___package.npm/node-elasticsearch-client/.idea/workspace.xml
silly asyncMap in gTP /var/folders/f1/f1MKPUDiHRq8FOUO9Y6QYE+++TI/-Tmp-/npm-1307771315969/1307771315969-0.6562967167701572/contents/___package.npm/node-elasticsearch-client/test/
silly asyncMap in gTP /var/folders/f1/f1MKPUDiHRq8FOUO9Y6QYE+++TI/-Tmp-/npm-1307771315969/1307771315969-0.6562967167701572/contents/___package.npm/node-elasticsearch-client/test/elasticSearchClient/
silly asyncMap in gTP /var/folders/f1/f1MKPUDiHRq8FOUO9Y6QYE+++TI/-Tmp-/npm-1307771315969/1307771315969-0.6562967167701572/contents/___package.npm/node-elasticsearch-client/test/elasticSearchClient/cluster.test.js
silly asyncMap in gTP /var/folders/f1/f1MKPUDiHRq8FOUO9Y6QYE+++TI/-Tmp-/npm-1307771315969/1307771315969-0.6562967167701572/contents/___package.npm/node-elasticsearch-client/test/elasticSearchClient/core.test.js
silly asyncMap in gTP /var/folders/f1/f1MKPUDiHRq8FOUO9Y6QYE+++TI/-Tmp-/npm-1307771315969/1307771315969-0.6562967167701572/contents/___package.npm/node-elasticsearch-client/test/elasticSearchClient/indices.test.js
silly asyncMap in gTP /var/folders/f1/f1MKPUDiHRq8FOUO9Y6QYE+++TI/-Tmp-/npm-1307771315969/1307771315969-0.6562967167701572/contents/___package.npm/node-elasticsearch-client/lib/
silly asyncMap in gTP /var/folders/f1/f1MKPUDiHRq8FOUO9Y6QYE+++TI/-Tmp-/npm-1307771315969/1307771315969-0.6562967167701572/contents/___package.npm/node-elasticsearch-client/lib/elasticsearchclient/
silly asyncMap in gTP /var/folders/f1/f1MKPUDiHRq8FOUO9Y6QYE+++TI/-Tmp-/npm-1307771315969/1307771315969-0.6562967167701572/contents/___package.npm/node-elasticsearch-client/lib/elasticsearchclient/elasticSearchClient.js
silly asyncMap in gTP /var/folders/f1/f1MKPUDiHRq8FOUO9Y6QYE+++TI/-Tmp-/npm-1307771315969/1307771315969-0.6562967167701572/contents/___package.npm/node-elasticsearch-client/lib/elasticsearchclient/calls/
silly asyncMap in gTP /var/folders/f1/f1MKPUDiHRq8FOUO9Y6QYE+++TI/-Tmp-/npm-1307771315969/1307771315969-0.6562967167701572/contents/___package.npm/node-elasticsearch-client/lib/elasticsearchclient/calls/cluster.js
silly asyncMap in gTP /var/folders/f1/f1MKPUDiHRq8FOUO9Y6QYE+++TI/-Tmp-/npm-1307771315969/1307771315969-0.6562967167701572/contents/___package.npm/node-elasticsearch-client/lib/elasticsearchclient/calls/core.js
silly asyncMap in gTP /var/folders/f1/f1MKPUDiHRq8FOUO9Y6QYE+++TI/-Tmp-/npm-1307771315969/1307771315969-0.6562967167701572/contents/___package.npm/node-elasticsearch-client/lib/elasticsearchclient/calls/elasticSearchCall.js
silly asyncMap in gTP /var/folders/f1/f1MKPUDiHRq8FOUO9Y6QYE+++TI/-Tmp-/npm-1307771315969/1307771315969-0.6562967167701572/contents/___package.npm/node-elasticsearch-client/lib/elasticsearchclient/calls/indices.js
verbose gunzed /var/folders/f1/f1MKPUDiHRq8FOUO9Y6QYE+++TI/-Tmp-/npm-1307771315969/1307771315969-0.6562967167701572/contents/___package.npm/node-elasticsearch-client
verbose rm'ed /var/folders/f1/f1MKPUDiHRq8FOUO9Y6QYE+++TI/-Tmp-/npm-1307771315969/1307771315969-0.6562967167701572/contents/package
verbose renamed [ '/var/folders/f1/f1MKPUDiHRq8FOUO9Y6QYE+++TI/-Tmp-/npm-1307771315969/1307771315969-0.6562967167701572/contents/___package.npm/node-elasticsearch-client',
verbose renamed   '/var/folders/f1/f1MKPUDiHRq8FOUO9Y6QYE+++TI/-Tmp-/npm-1307771315969/1307771315969-0.6562967167701572/contents/package' ]
silly testEngine { author: 
silly testEngine    { name: 'Phillip Rosen',
silly testEngine      email: 'phill.rosen@gmail.com' },
silly testEngine   name: 'elasticsearchclient',
silly testEngine   description: 'A client for Elastic Search',
silly testEngine   version: '0.0.4',
silly testEngine   repository: 
silly testEngine    { type: 'git',
silly testEngine      url: 'git://github.com/phillro/node-elasticsearch-client.git' },
silly testEngine   main: './index.js',
silly testEngine   engines: { node: '>= 0.3.0' },
silly testEngine   dependencies: {},
silly testEngine   devDependencies: {},
silly testEngine   _id: 'elasticsearchclient@0.0.4',
silly testEngine   _engineSupported: true,
silly testEngine   _npmVersion: '1.0.6',
silly testEngine   _nodeVersion: 'v0.4.8',
silly testEngine   _defaultsLoaded: true,
silly testEngine   path: '/var/folders/f1/f1MKPUDiHRq8FOUO9Y6QYE+++TI/-Tmp-/npm-1307771315969/1307771315969-0.6562967167701572/contents/package' }
verbose caching /var/folders/f1/f1MKPUDiHRq8FOUO9Y6QYE+++TI/-Tmp-/npm-1307771315969/1307771315969-0.6562967167701572/contents/package/package.json
verbose loadDefaults elasticsearchclient@0.0.4
verbose tarball contents [ 'package' ]
verbose from cache /var/folders/f1/f1MKPUDiHRq8FOUO9Y6QYE+++TI/-Tmp-/npm-1307771315969/1307771315969-0.6562967167701572/contents/package/package.json
verbose pack /var/folders/f1/f1MKPUDiHRq8FOUO9Y6QYE+++TI/-Tmp-/npm-1307771315969/1307771315969-0.6562967167701572/contents/package /Users/philliprosen/.npm/elasticsearchclient/0.0.4/package.tgz
verbose from cache /var/folders/f1/f1MKPUDiHRq8FOUO9Y6QYE+++TI/-Tmp-/npm-1307771315969/1307771315969-0.6562967167701572/contents/package/package.json
verbose mkdir done: /Users/philliprosen/.npm/elasticsearchclient/0.0.4 755
verbose mkdir'ed /Users/philliprosen/.npm/elasticsearchclient/0.0.4
verbose tar about to write tar and gzip it.
silly tar args [ '-cvf',
silly tar args   '-',
silly tar args   'package/index.js',
silly tar args   'package/package.json',
silly tar args   'package/README',
silly tar args   'package/.idea/.name',
silly tar args   'package/.idea/encodings.xml',
silly tar args   'package/.idea/misc.xml',
silly tar args   'package/.idea/modules.xml',
silly tar args   'package/.idea/node-elasticsearch-client.iml',
silly tar args   'package/.idea/vcs.xml',
silly tar args   'package/.idea/workspace.xml',
silly tar args   'package/test/elasticSearchClient/cluster.test.js',
silly tar args   'package/test/elasticSearchClient/core.test.js',
silly tar args   'package/test/elasticSearchClient/indices.test.js',
silly tar args   'package/lib/elasticsearchclient/elasticSearchClient.js',
silly tar args   'package/lib/elasticsearchclient/calls/core.js',
silly tar args   'package/lib/elasticsearchclient/calls/cluster.js',
silly tar args   'package/lib/elasticsearchclient/calls/elasticSearchCall.js',
silly tar args   'package/lib/elasticsearchclient/calls/indices.js' ]
verbose success tar -cvf - <file list elided>
verbose success gzip "--stdout"
verbose mkdir done: /Users/philliprosen/.npm/elasticsearchclient/0.0.4/___package.npm 755
verbose unpack_ uid, gid [ undefined, undefined ]
verbose unpackTarget /Users/philliprosen/.npm/elasticsearchclient/0.0.4/package
silly gunzTarPerm modes [ '755', '644' ]
verbose success gzip "--decompress" "--stdout" "/Users/philliprosen/.npm/elasticsearchclient/0.0.4/package.tgz"
verbose success tar "-mvxpf" "-" "--no-same-owner" "-C" "/Users/philliprosen/.npm/elasticsearchclient/0.0.4/___package.npm"
silly asyncMap in gTP /Users/philliprosen/.npm/elasticsearchclient/0.0.4/___package.npm/package/
silly asyncMap in gTP /Users/philliprosen/.npm/elasticsearchclient/0.0.4/___package.npm/package/index.js
silly asyncMap in gTP /Users/philliprosen/.npm/elasticsearchclient/0.0.4/___package.npm/package/package.json
silly asyncMap in gTP /Users/philliprosen/.npm/elasticsearchclient/0.0.4/___package.npm/package/README
silly asyncMap in gTP /Users/philliprosen/.npm/elasticsearchclient/0.0.4/___package.npm/package/.idea/
silly asyncMap in gTP /Users/philliprosen/.npm/elasticsearchclient/0.0.4/___package.npm/package/.idea/.name
silly asyncMap in gTP /Users/philliprosen/.npm/elasticsearchclient/0.0.4/___package.npm/package/.idea/encodings.xml
silly asyncMap in gTP /Users/philliprosen/.npm/elasticsearchclient/0.0.4/___package.npm/package/.idea/misc.xml
silly asyncMap in gTP /Users/philliprosen/.npm/elasticsearchclient/0.0.4/___package.npm/package/.idea/modules.xml
silly asyncMap in gTP /Users/philliprosen/.npm/elasticsearchclient/0.0.4/___package.npm/package/.idea/node-elasticsearch-client.iml
silly asyncMap in gTP /Users/philliprosen/.npm/elasticsearchclient/0.0.4/___package.npm/package/.idea/vcs.xml
silly asyncMap in gTP /Users/philliprosen/.npm/elasticsearchclient/0.0.4/___package.npm/package/.idea/workspace.xml
silly asyncMap in gTP /Users/philliprosen/.npm/elasticsearchclient/0.0.4/___package.npm/package/test/
silly asyncMap in gTP /Users/philliprosen/.npm/elasticsearchclient/0.0.4/___package.npm/package/test/elasticSearchClient/
silly asyncMap in gTP /Users/philliprosen/.npm/elasticsearchclient/0.0.4/___package.npm/package/test/elasticSearchClient/cluster.test.js
silly asyncMap in gTP /Users/philliprosen/.npm/elasticsearchclient/0.0.4/___package.npm/package/test/elasticSearchClient/core.test.js
silly asyncMap in gTP /Users/philliprosen/.npm/elasticsearchclient/0.0.4/___package.npm/package/test/elasticSearchClient/indices.test.js
silly asyncMap in gTP /Users/philliprosen/.npm/elasticsearchclient/0.0.4/___package.npm/package/lib/
silly asyncMap in gTP /Users/philliprosen/.npm/elasticsearchclient/0.0.4/___package.npm/package/lib/elasticsearchclient/
silly asyncMap in gTP /Users/philliprosen/.npm/elasticsearchclient/0.0.4/___package.npm/package/lib/elasticsearchclient/elasticSearchClient.js
silly asyncMap in gTP /Users/philliprosen/.npm/elasticsearchclient/0.0.4/___package.npm/package/lib/elasticsearchclient/calls/
silly asyncMap in gTP /Users/philliprosen/.npm/elasticsearchclient/0.0.4/___package.npm/package/lib/elasticsearchclient/calls/cluster.js
silly asyncMap in gTP /Users/philliprosen/.npm/elasticsearchclient/0.0.4/___package.npm/package/lib/elasticsearchclient/calls/core.js
silly asyncMap in gTP /Users/philliprosen/.npm/elasticsearchclient/0.0.4/___package.npm/package/lib/elasticsearchclient/calls/elasticSearchCall.js
silly asyncMap in gTP /Users/philliprosen/.npm/elasticsearchclient/0.0.4/___package.npm/package/lib/elasticsearchclient/calls/indices.js
verbose gunzed /Users/philliprosen/.npm/elasticsearchclient/0.0.4/___package.npm/package
verbose rm'ed /Users/philliprosen/.npm/elasticsearchclient/0.0.4/package
verbose renamed [ '/Users/philliprosen/.npm/elasticsearchclient/0.0.4/___package.npm/package',
verbose renamed   '/Users/philliprosen/.npm/elasticsearchclient/0.0.4/package' ]
silly testEngine { author: 
silly testEngine    { name: 'Phillip Rosen',
silly testEngine      email: 'phill.rosen@gmail.com' },
silly testEngine   name: 'elasticsearchclient',
silly testEngine   description: 'A client for Elastic Search',
silly testEngine   version: '0.0.4',
silly testEngine   repository: 
silly testEngine    { type: 'git',
silly testEngine      url: 'git://github.com/phillro/node-elasticsearch-client.git' },
silly testEngine   main: './index.js',
silly testEngine   engines: { node: '>= 0.3.0' },
silly testEngine   dependencies: {},
silly testEngine   devDependencies: {},
silly testEngine   _id: 'elasticsearchclient@0.0.4',
silly testEngine   _engineSupported: true,
silly testEngine   _npmVersion: '1.0.6',
silly testEngine   _nodeVersion: 'v0.4.8',
silly testEngine   _defaultsLoaded: true,
silly testEngine   dist: 
silly testEngine    { shasum: '61126ae933d324736c706d7aedcd88c9d6d68d62',
silly testEngine      tarball: 'http://registry.npmjs.org/elasticsearchclient/-/elasticsearchclient-0.0.4.tgz' },
silly testEngine   scripts: {} }
verbose caching /Users/philliprosen/.npm/elasticsearchclient/0.0.4/package/package.json
verbose loadDefaults elasticsearchclient@0.0.4
silly updated sha bytes 8431
info shasum 61126ae933d324736c706d7aedcd88c9d6d68d62
info shasum /Users/philliprosen/.npm/elasticsearchclient/0.0.4/package.tgz
verbose from cache /Users/philliprosen/.npm/elasticsearchclient/0.0.4/package/package.json
verbose chmod /Users/philliprosen/.npm/elasticsearchclient/0.0.4/package.json 644
verbose chmod /Users/philliprosen/.npm/elasticsearchclient/0.0.4/package.tgz 644
silly publish { author: 
silly publish    { name: 'Phillip Rosen',
silly publish      email: 'phill.rosen@gmail.com' },
silly publish   name: 'elasticsearchclient',
silly publish   description: 'A client for Elastic Search',
silly publish   version: '0.0.4',
silly publish   repository: 
silly publish    { type: 'git',
silly publish      url: 'git://github.com/phillro/node-elasticsearch-client.git' },
silly publish   main: './index.js',
silly publish   engines: { node: '>= 0.3.0' },
silly publish   dependencies: {},
silly publish   devDependencies: {},
silly publish   _id: 'elasticsearchclient@0.0.4',
silly publish   _engineSupported: true,
silly publish   _npmVersion: '1.0.6',
silly publish   _nodeVersion: 'v0.4.8',
silly publish   _defaultsLoaded: true,
silly publish   dist: 
silly publish    { shasum: '61126ae933d324736c706d7aedcd88c9d6d68d62',
silly publish      tarball: 'http://registry.npmjs.org/elasticsearchclient/-/elasticsearchclient-0.0.4.tgz' },
silly publish   scripts: {} }
info prepublish elasticsearchclient@0.0.4
verbose PUT elasticsearchclient
verbose raw, before any munging elasticsearchclient
verbose url resolving [ 'http://registry.npmjs.org/',
verbose url resolving   './elasticsearchclient' ]
verbose url resolved http://registry.npmjs.org/elasticsearchclient
verbose url parsed { protocol: 'http:',
verbose url parsed   slashes: true,
verbose url parsed   host: 'registry.npmjs.org',
verbose url parsed   hostname: 'registry.npmjs.org',
verbose url parsed   href: 'http://registry.npmjs.org/elasticsearchclient',
verbose url parsed   pathname: '/elasticsearchclient' }
WARN Sending authorization over insecure channel.
silly writing json { _id: 'elasticsearchclient',
silly writing json   name: 'elasticsearchclient',
silly writing json   description: 'A client for Elastic Search',
silly writing json   'dist-tags': {},
silly writing json   versions: {},
silly writing json   maintainers: 
silly writing json    [ { name: 'phill.rosen',
silly writing json        email: 'phill.rosen@gmail.com' } ] }
verbose response http://registry.npmjs.org/elasticsearchclient
silly chunk {"error":"conflict","reason":"Document update conflict."}
silly chunk 
verbose GET elasticsearchclient
verbose raw, before any munging elasticsearchclient
verbose url resolving [ 'http://registry.npmjs.org/',
verbose url resolving   './elasticsearchclient' ]
verbose url resolved http://registry.npmjs.org/elasticsearchclient
verbose url parsed { protocol: 'http:',
verbose url parsed   slashes: true,
verbose url parsed   host: 'registry.npmjs.org',
verbose url parsed   hostname: 'registry.npmjs.org',
verbose url parsed   href: 'http://registry.npmjs.org/elasticsearchclient',
verbose url parsed   pathname: '/elasticsearchclient' }
verbose response http://registry.npmjs.org/elasticsearchclient
silly chunk {"_id":"elasticsearchclient","_rev":"15-b4e0904fc90dced88e2ea00d0e3fe121","name":"elasticsearchclient","description":"A client for Elastic Search","dist-tags":{"latest":"0.0.4"},"versions":{"0.0.2":{"author":{"name":"Phillip Rosen","email":"phill.rosen@gmail.com"},"name":"elasticsearchclient","description":"A client for Elastic Search","version":"0.0.2","repository":{"url":""},"main":"./index.js","engines":{"node":">= 0.3.0"},"dependencies":{},"devDependencies":{},"_id":"elasticsearchclient@0.0.2","_engineSupported":true,"_npmVersion":"1.0.6","_nodeVersion":"v0.4.8","_defaultsLoaded":true,"dist":{"shasum":"4644ee2d58dedfd85de82515661b30743bc8c757","tarball":"http://registry.npmjs.org/elasticsearchclient/-/elasticsearchclient-0.0.2.tgz"},"scripts":{},"directories":{}},"0.0.3":{"author":{"name":"Phillip Rosen","email":"phill.rosen@gmail.com"},"name":"elasticsearchclient","description":"A client for Elastic Search","version":"0.0.3","repository":{"type":"git","url":"git://github.com/phillro/node-elasticsearch-client.git"},"main":"./index.js","engines":{"node":">= 0.3.0"},"dependencies":{},"devDependencies":{},"_id":"elasticsearchclient@0.0.3","_engineSupported":true,"_npmVersion":"1.0.6","_nodeVersion":"v0.4.8","_defaultsLoaded":tr
silly chunk ue,"dist":{"
silly chunk shasum":"906650430c0eef41aae0a8fc8674e8c8cb7ee54b","tarball":"http://registry.npmjs.org/elasticsearchclient/-/elasticsearchclient-0.0.3.tgz"},"scripts":{},"directories":{}},"0.0.4":{"author":{"name":"Phillip Rosen","email":"phill.rosen@gmail.com"},"name":"elasticsearchclient","description":"A client for Elastic Search","version":"0.0.4","repository":{"type":"git","url":"git://github.com/phillro/node-elasticsearch-client.git"},"main":"./index.js","engines":{"node":">= 0.3.0"},"dependencies":{},"devDependencies":{},"_id":"elasticsearchclient@0.0.4","_engineSupported":true,"_npmVersion":"1.0.6","_nodeVersion":"v0.4.8","_defaultsLoaded":true,"dist":{"shasum":"ae2d7b1441025abbf32062a947573ed8962be216","tarball":"http://registry.npmjs.org/elasticsearchclient/-/elasticsearchclient-0.0.4.tgz"},"scripts":{},"directories":{}}},"maintainers":[{"name":"phill.rosen","email":"phill.rosen@gmail.com"}],"time":{"0.0.2":"2011-06-11T01:20:37.981Z","0.0.3":"2011-06-11T01:37:44.299Z","0.0.4":"2011-06-11T05:34:34.289Z"},"author":{"name":"Phillip Rosen","email":"phill.rosen@gmail.com"},"repository":{"type":"git","url":"git://github.com/phillro/node-elasticsearch-client.git"}}
info Already published elasticsearchclient@0.0.4
verbose uploading bin dists []
ERR! publish fail Cannot publish over existing version.
ERR! publish fail Bump the 'version' field, set the --force flag, or
ERR! publish fail     npm unpublish 'elasticsearchclient@0.0.4'
ERR! publish fail and try again
ERR! 
ERR! System Darwin 10.7.4
ERR! command "node" "/usr/local/bin/npm" "publish"
verbose exit [ 1, true ]
